Change Component Designator: OldDesignator=* NewDesignator=3
Added Component: Designator=U2(CYP-LTX68_M)
Add component (AddParameter): Name = "Code_JEDEC"; Value = "MO-220"; VariantName = "[No Variations]"
Add component (AddParameter): Name = "ComponentLink1Description"; Value = "Manufacturer URL"; VariantName = "[No Variations]"
Add component (AddParameter): Name = "ComponentLink1URL"; Value = "http://www.cypress.com/"; VariantName = "[No Variations]"
Add component (AddParameter): Name = "ComponentLink2Description"; Value = "Datasheet"; VariantName = "[No Variations]"
Add component (AddParameter): Name = "ComponentLink2URL"; Value = "http://www.cypress.com/?docID=47570"; VariantName = "[No Variations]"
Add component (AddParameter): Name = "ComponentLink3Description"; Value = "Package Specification"; VariantName = "[No Variations]"
Add component (AddParameter): Name = "ComponentLink3URL"; Value = "http://www.cypress.com/?docID=38892"; VariantName = "[No Variations]"
Add component (AddParameter): Name = "CPU Core"; Value = "ARM Cortex-M3"; VariantName = "[No Variations]"
Add component (AddParameter): Name = "DatasheetVersion"; Value = "Rev. *E"; VariantName = "[No Variations]"
Add component (AddParameter): Name = "Flash (KB)"; Value = "256"; VariantName = "[No Variations]"
Add component (AddParameter): Name = "Manufacturer"; Value = "Cypress"; VariantName = "[No Variations]"
Add component (AddParameter): Name = "Max. Operating Frequency (MHz)"; Value = "80"; VariantName = "[No Variations]"
Add component (AddParameter): Name = "Max. Operating Temp. (degreesC)"; Value = "85"; VariantName = "[No Variations]"
Add component (AddParameter): Name = "Max. Operating Voltage (V)"; Value = "5.5"; VariantName = "[No Variations]"
Add component (AddParameter): Name = "Min. Operating Temp. (degreesC)"; Value = "-40"; VariantName = "[No Variations]"
Add component (AddParameter): Name = "Min. Operating Voltage (V)"; Value = "1.71"; VariantName = "[No Variations]"
Add component (AddParameter): Name = "Mounting Technology"; Value = "Surface Mount"; VariantName = "[No Variations]"
Add component (AddParameter): Name = "No. of GPIOs"; Value = "38"; VariantName = "[No Variations]"
Add component (AddParameter): Name = "PackageDescription"; Value = "68-Pin Quad Flat No Lead, Body 8.00 x 8.00 mm, Pitch 0.40 mm"; VariantName = "[No Variations]"
Add component (AddParameter): Name = "PackageReference"; Value = "LTX68"; VariantName = "[No Variations]"
Add component (AddParameter): Name = "PackageVersion"; Value = "Rev. *E, 07/2012"; VariantName = "[No Variations]"
Add component (AddParameter): Name = "Packing"; Value = "Tray"; VariantName = "[No Variations]"
Add component (AddParameter): Name = "PartNumber"; Value = "CY8C5888LTI-LP097"; VariantName = "[No Variations]"
Add component (AddParameter): Name = "SRAM (KB)"; Value = "64"; VariantName = "[No Variations]"
Change Net Name : Old Net Name=Net*_1 New Net Name=Net3_1
